d:\sources\c++\flodingmenu\debug\vc142.pdb
d:\sources\c++\flodingmenu\debug\vc142.idb
d:\sources\c++\flodingmenu\debug\menuparser.obj
d:\sources\c++\flodingmenu\debug\menumanager.obj
d:\sources\c++\flodingmenu\debug\imgui_impl_win32.obj
d:\sources\c++\flodingmenu\debug\imgui_impl_dx9.obj
d:\sources\c++\flodingmenu\debug\imgui_widgets.obj
d:\sources\c++\flodingmenu\debug\imgui_draw.obj
d:\sources\c++\flodingmenu\debug\imgui_demo.obj
d:\sources\c++\flodingmenu\debug\imgui.obj
d:\sources\c++\flodingmenu\debug\menulist.obj
d:\sources\c++\flodingmenu\debug\imguiflodingmenu.obj
d:\sources\c++\flodingmenu\debug\vcpkg.applocal.log
d:\sources\c++\flodingmenu\debug\jsoncpp.dll
d:\sources\c++\flodingmenu\debug\imguiflodingmenu.ilk
d:\sources\c++\flodingmenu\debug\imguiflodingmenu.exe
d:\sources\c++\flodingmenu\debug\imguiflodingmenu.pdb
d:\sources\c++\flodingmenu\debug\imguiflodingmenu.tlog\cl.command.1.tlog
d:\sources\c++\flodingmenu\debug\imguiflodingmenu.tlog\cl.read.1.tlog
d:\sources\c++\flodingmenu\debug\imguiflodingmenu.tlog\cl.write.1.tlog
d:\sources\c++\flodingmenu\debug\imguiflodingmenu.tlog\imguiflodingmenu.write.1u.tlog
d:\sources\c++\flodingmenu\debug\imguiflodingmenu.tlog\link.command.1.tlog
d:\sources\c++\flodingmenu\debug\imguiflodingmenu.tlog\link.read.1.tlog
d:\sources\c++\flodingmenu\debug\imguiflodingmenu.tlog\link.write.1.tlog
